<?xml version="1.0" encoding="UTF-8"?>
<testsuites>
	<testsuite tests="22" errors="0" failures="0" time="0.301" timestamp="2014-12-02T11:33:51">
		<testcase classname="suite1" name="should allow to write to Element prototype" time="0">
		</testcase>
		<testcase classname="suite1" name="should have a dispatch event functionality" time="0.001">
		</testcase>
		<testcase classname="suite1" name="should have a addEventListener or attachEvent" time="0">
		</testcase>
		<testcase classname="suite1" name="should have a removeEventListener or detachEvent" time="0">
		</testcase>
		<testcase classname="suite1" name="should have a computedStyle functionality" time="0">
		</testcase>
		<testcase classname="suite1" name="should have size detection functionality" time="0.023">
		</testcase>
		<testcase classname="suite1" name="should have size detection functionality" time="0">
		</testcase>
		<testcase classname="suite1" name="should add iframe to the element" time="0.001">
		</testcase>
		<testcase classname="suite1" name="should have an access to iframe window" time="0.001">
		</testcase>
		<testcase classname="suite1" name="iframe should have onresize method" time="0.006">
		</testcase>
		<testcase classname="suite1" name="should add position: relative style to static element" time="0.001">
		</testcase>
		<testcase classname="suite1" name="should not alter absolute position style" time="0">
		</testcase>
		<testcase classname="suite1" name="should not alter fixed position style" time="0">
		</testcase>
		<testcase classname="suite1" name="iframe should have right styles" time="0.001">
		</testcase>
		<testcase classname="suite1" name="should work on resize event only " time="0">
		</testcase>
		<testcase classname="suite1" name="should be initialized only once" time="0.001">
		</testcase>
		<testcase classname="suite1" name="should add only one listener" time="0.003">
		</testcase>
		<testcase classname="suite1" name="should removeEventListener" time="0.001">
		</testcase>
		<testcase classname="suite1" name="should remove iframe after removeEventListener" time="0">
		</testcase>
		<testcase classname="suite1" name="should fail when removeEvent was called before addEvent" time="0">
		</testcase>
		<testcase classname="suite1" name="should have node&amp;apos;s scope" time="0.257">
		</testcase>
		<testcase classname="suite1" name="should reverse old listener on destroy" time="0.002">
		</testcase>
	</testsuite>
</testsuites>

